<?xml version="1.0" encoding="UTF-8"?>
<!-- Generated by org.testng.reporters.JUnitReportReporter -->
<testsuite skipped="0" hostname="SMURTHY17" name="draganddrop" tests="1" failures="0" timestamp="28 Apr 2018 12:01:13 GMT" time="3.588" errors="0">
  <testcase name="main" time="3.588" classname="draganddrop"/>
</testsuite> <!-- draganddrop -->
