<?xml version="1.0" encoding="UTF-8"?>
<!-- Generated by org.testng.reporters.JUnitReportReporter -->
<testsuite skipped="0" hostname="SMURTHY17" name="appTestScenarios.LoginWithDataProvider" tests="2" failures="0" timestamp="27 Apr 2018 10:05:38 GMT" time="1.614" errors="0">
  <testcase name="test1" time="0.901" classname="appTestScenarios.LoginWithDataProvider"/>
  <testcase name="test1" time="0.713" classname="appTestScenarios.LoginWithDataProvider"/>
</testsuite> <!-- appTestScenarios.LoginWithDataProvider -->
