<?xml version="1.0" encoding="UTF-8"?>
<!-- Generated by org.testng.reporters.JUnitReportReporter -->
<testsuite skipped="0" hostname="SMURTHY17" name="Test1.TitleValidATION" tests="3" failures="0" timestamp="31 Mar 2018 10:08:57 GMT" time="7.359" errors="0">
  <testcase name="setUp" time="4.219" classname="Test1.TitleValidATION"/>
  <testcase name="Test1" time="0.011" classname="Test1.TitleValidATION"/>
  <testcase name="tearDown" time="3.129" classname="Test1.TitleValidATION"/>
</testsuite> <!-- Test1.TitleValidATION -->
