<?xml version="1.0" encoding="UTF-8"?>
<!-- Generated by org.testng.reporters.JUnitReportReporter -->
<testsuite skipped="1" hostname="SMURTHY17" name="appTestScenarios.TimeTrackTest" tests="2" failures="0" timestamp="27 Apr 2018 10:16:13 GMT" time="44.590" errors="0">
  <testcase name="test1" time="44.590" classname="appTestScenarios.TimeTrackTest"/>
  <testcase name="test3" classname="appTestScenarios.TimeTrackTest">
    <skipped/>
  </testcase> <!-- test3 -->
</testsuite> <!-- appTestScenarios.TimeTrackTest -->
