<?xml version="1.0" encoding="UTF-8"?>
<!-- Generated by org.testng.reporters.JUnitReportReporter -->
<testsuite skipped="0" hostname="SMURTHY17" name="appTestScenarios.LoginFeature" tests="2" failures="0" timestamp="30 May 2018 00:12:08 GMT" time="14.463" errors="0">
  <testcase name="test1" time="7.586" classname="appTestScenarios.LoginFeature"/>
  <testcase name="test2" time="6.877" classname="appTestScenarios.LoginFeature"/>
</testsuite> <!-- appTestScenarios.LoginFeature -->
