<?xml version="1.0" encoding="UTF-8"?>
<!-- Generated by org.testng.reporters.JUnitReportReporter -->
<testsuite skipped="0" hostname="SMURTHY17" name="propertiesfile" tests="1" failures="0" timestamp="28 Apr 2018 12:18:43 GMT" time="7.370" errors="0">
  <testcase name="setUp" time="7.370" classname="propertiesfile"/>
</testsuite> <!-- propertiesfile -->
