<?xml version="1.0" encoding="UTF-8"?>
<!-- Generated by org.testng.reporters.JUnitReportReporter -->
<testsuite skipped="0" hostname="SMURTHY17" name="appTestScenarios.LoginTestDDT" tests="1" failures="0" timestamp="27 Apr 2018 10:09:54 GMT" time="36.590" errors="0">
  <testcase name="test1" time="36.590" classname="appTestScenarios.LoginTestDDT"/>
</testsuite> <!-- appTestScenarios.LoginTestDDT -->
