<?xml version="1.0" encoding="UTF-8"?>
<!-- Generated by org.testng.reporters.JUnitReportReporter -->
<testsuite skipped="0" hostname="SMURTHY17" name="Test1.Validations1" tests="3" failures="0" timestamp="30 Mar 2018 02:38:16 GMT" time="25.946" errors="0">
  <testcase name="Test3" time="9.101" classname="Test1.Validations1"/>
  <testcase name="Test1" time="8.395" classname="Test1.Validations1"/>
  <testcase name="Test2" time="8.450" classname="Test1.Validations1"/>
</testsuite> <!-- Test1.Validations1 -->
